<?xml version="1.0" encoding="UTF-8"?>
<!-- Generated by org.testng.reporters.JUnitReportReporter -->
<testsuite skipped="0" hostname="INLH104910" name="com.selenium.testngprograms.TC7" tests="1" failures="0" timestamp="2020-05-25T11:53:02 IST" time="0.002" errors="0">
  <testcase name="t6" time="0.002" classname="com.selenium.testngprograms.TC7"/>
</testsuite> <!-- com.selenium.testngprograms.TC7 -->
