<?xml version="1.0" encoding="UTF-8"?>
<!-- Generated by org.testng.reporters.JUnitReportReporter -->
<testsuite skipped="0" hostname="INLH104910" name="com.selenium.basicprogram.Testcase1" tests="1" failures="0" timestamp="2020-06-13T12:03:32 IST" time="0.017" errors="0">
  <testcase name="tc3" time="0.017" classname="com.selenium.basicprogram.Testcase1"/>
</testsuite> <!-- com.selenium.basicprogram.Testcase1 -->
