<?xml version="1.0" encoding="UTF-8"?>
<!-- Generated by org.testng.reporters.JUnitReportReporter -->
<testsuite skipped="0" hostname="INLH104910" name="com.selenium.testngprograms.TC1" tests="1" failures="0" timestamp="2020-05-26T14:20:45 IST" time="0.008" errors="0">
  <testcase name="t1" time="0.008" classname="com.selenium.testngprograms.TC1"/>
</testsuite> <!-- com.selenium.testngprograms.TC1 -->
