<?xml version="1.0" encoding="UTF-8"?>
<!-- Generated by org.testng.reporters.JUnitReportReporter -->
<testsuite skipped="0" hostname="INLH104910" name="com.selenium.testngprograms.TC4" tests="1" failures="0" timestamp="2020-05-25T12:12:19 IST" time="0.002" errors="0">
  <testcase name="t4" time="0.002" classname="com.selenium.testngprograms.TC4"/>
</testsuite> <!-- com.selenium.testngprograms.TC4 -->
