<?xml version="1.0" encoding="UTF-8"?>
<!-- Generated by org.testng.reporters.JUnitReportReporter -->
<testsuite skipped="0" hostname="INLH104910" name="com.selenium.testbgprograms.Basictestngprogram" tests="1" failures="0" timestamp="2020-05-22T11:47:46 IST" time="0.012" errors="0">
  <testcase name="testcase1" time="0.012" classname="com.selenium.testbgprograms.Basictestngprogram"/>
</testsuite> <!-- com.selenium.testbgprograms.Basictestngprogram -->
