<?xml version="1.0" encoding="UTF-8"?>
<!-- Generated by org.testng.reporters.JUnitReportReporter -->
<testsuite skipped="0" hostname="INLH104910" name="com.selenium.testngprograms.TC1" tests="3" failures="0" timestamp="2020-05-25T12:12:19 IST" time="0.015" errors="0">
  <testcase name="t11" time="0.004" classname="com.selenium.testngprograms.TC1"/>
  <testcase name="t12" time="0.004" classname="com.selenium.testngprograms.TC1"/>
  <testcase name="t1" time="0.007" classname="com.selenium.testngprograms.TC1"/>
</testsuite> <!-- com.selenium.testngprograms.TC1 -->
