<?xml version="1.0" encoding="UTF-8"?>
<!-- Generated by org.testng.reporters.JUnitReportReporter -->
<testsuite skipped="0" hostname="INLH104910" name="com.selenium.testngprograms.TC2" tests="3" failures="0" timestamp="2020-05-25T12:12:19 IST" time="0.016" errors="0">
  <testcase name="t21" time="0.005" classname="com.selenium.testngprograms.TC2"/>
  <testcase name="t2" time="0.005" classname="com.selenium.testngprograms.TC2"/>
  <testcase name="t22" time="0.006" classname="com.selenium.testngprograms.TC2"/>
</testsuite> <!-- com.selenium.testngprograms.TC2 -->
